#
# There is insufficient memory for the Java Runtime Environment to continue.
# Native memory allocation (malloc) failed to allocate 1028256 bytes. Error detail: Chunk::new
# Possible reasons:
#   The system is out of physical RAM or swap space
#   This process is running with CompressedOops enabled, and the Java Heap may be blocking the growth of the native heap
# Possible solutions:
#   Reduce memory load on the system
#   Increase physical memory or swap space
#   Check if swap backing store is full
#   Decrease Java heap size (-Xmx/-Xms)
#   Decrease number of Java threads
#   Decrease Java thread stack sizes (-Xss)
#   Set larger code cache with -XX:ReservedCodeCacheSize=
#   JVM is running with Unscaled Compressed Oops mode in which the Java heap is
#     placed in the first 4GB address space. The Java Heap base address is the
#     maximum limit for the native heap growth. Please use -XX:HeapBaseMinAddress
#     to set the Java Heap base and to place the Java Heap above 4GB virtual address.
# This output file may be truncated or incomplete.
#
#  Out of Memory Error (arena.cpp:149), pid=19724, tid=12384
#
# JRE version: Java(TM) SE Runtime Environment (23.0+37) (build 23+37-2369)
# Java VM: Java HotSpot(TM) 64-Bit Server VM (23+37-2369, mixed mode, sharing, tiered, compressed oops, compressed class ptrs, g1 gc, windows-amd64)
# No core dump will be written. Minidumps are not enabled by default on client versions of Windows
#

---------------  S U M M A R Y ------------

Command Line: -javaagent:C:\Users\isabe\AppData\Local\Programs\IntelliJ IDEA Community Edition\lib\idea_rt.jar=58015:C:\Users\isabe\AppData\Local\Programs\IntelliJ IDEA Community Edition\bin -Dfile.encoding=UTF-8 -Dsun.stdout.encoding=UTF-8 -Dsun.stderr.encoding=UTF-8 school.sptech.projetoMima.ProjetoMimaApplication

Host: 12th Gen Intel(R) Core(TM) i5-1235U, 12 cores, 7G,  Windows 11 , 64 bit Build 26100 (10.0.26100.7019)
Time: Wed Nov  5 16:39:27 2025 Hora oficial do Brasil elapsed time: 19.835615 seconds (0d 0h 0m 19s)

---------------  T H R E A D  ---------------

Current thread (0x000001b6528604b0):  JavaThread "C2 CompilerThread0" daemon [_thread_in_native, id=12384, stack(0x0000002505700000,0x0000002505800000) (1024K)]


Current CompileTask:
C2:19835 2317       4       java.lang.invoke.MethodType::makeImpl (109 bytes)

Stack: [0x0000002505700000,0x0000002505800000]
Native frames: (J=compiled Java code, j=interpreted, Vv=VM code, C=native code)
V  [jvm.dll+0x6e08a9]  (no source info available)
V  [jvm.dll+0x87da63]  (no source info available)
V  [jvm.dll+0x87feee]  (no source info available)
V  [jvm.dll+0x8805c3]  (no source info available)
V  [jvm.dll+0x27aee6]  (no source info available)
V  [jvm.dll+0xbc06f]  (no source info available)
V  [jvm.dll+0xbc2cb]  (no source info available)
V  [jvm.dll+0x2ee94d]  (no source info available)
V  [jvm.dll+0x6063c9]  (no source info available)
V  [jvm.dll+0x24ddf2]  (no source info available)
V  [jvm.dll+0x2467f7]  (no source info available)
V  [jvm.dll+0x243d04]  (no source info available)
V  [jvm.dll+0x1c33a0]  (no source info available)
V  [jvm.dll+0x253cf1]  (no source info available)
V  [jvm.dll+0x251faa]  (no source info available)
V  [jvm.dll+0x3ee036]  (no source info available)
V  [jvm.dll+0x824f1b]  (no source info available)
V  [jvm.dll+0x6df055]  (no source info available)
C  [ucrtbase.dll+0x37b0]  (no source info available)
C  [KERNEL32.DLL+0x2e8d7]  (no source info available)
C  [ntdll.dll+0x8c53c]  (no source info available)

Lock stack of current Java thread (top to bottom):


---------------  P R O C E S S  ---------------

Threads class SMR info:
_java_thread_list=0x000001b6998af520, length=15, elements={
0x000001b635751c70, 0x000001b652855c30, 0x000001b652859210, 0x000001b65285a7e0,
0x000001b65285b240, 0x000001b65285ccb0, 0x000001b65285d710, 0x000001b6528604b0,
0x000001b65287f2e0, 0x000001b65295d5f0, 0x000001b652b663a0, 0x000001b652c446d0,
0x000001b698cc9ad0, 0x000001b6990fdae0, 0x000001b699571a70
}

Java Threads: ( => current thread )
  0x000001b635751c70 JavaThread "main"                              [_thread_in_Java, id=4928, stack(0x0000002504900000,0x0000002504a00000) (1024K)]
  0x000001b652855c30 JavaThread "Reference Handler"          daemon [_thread_blocked, id=29800, stack(0x0000002505100000,0x0000002505200000) (1024K)]
  0x000001b652859210 JavaThread "Finalizer"                  daemon [_thread_blocked, id=26364, stack(0x0000002505200000,0x0000002505300000) (1024K)]
  0x000001b65285a7e0 JavaThread "Signal Dispatcher"          daemon [_thread_blocked, id=20948, stack(0x0000002505300000,0x0000002505400000) (1024K)]
  0x000001b65285b240 JavaThread "Attach Listener"            daemon [_thread_blocked, id=18576, stack(0x0000002505400000,0x0000002505500000) (1024K)]
  0x000001b65285ccb0 JavaThread "Service Thread"             daemon [_thread_blocked, id=31352, stack(0x0000002505500000,0x0000002505600000) (1024K)]
  0x000001b65285d710 JavaThread "Monitor Deflation Thread"   daemon [_thread_blocked, id=12936, stack(0x0000002505600000,0x0000002505700000) (1024K)]
=>0x000001b6528604b0 JavaThread "C2 CompilerThread0"         daemon [_thread_in_native, id=12384, stack(0x0000002505700000,0x0000002505800000) (1024K)]
  0x000001b65287f2e0 JavaThread "C1 CompilerThread0"         daemon [_thread_in_vm, id=17932, stack(0x0000002505800000,0x0000002505900000) (1024K)]
  0x000001b65295d5f0 JavaThread "Common-Cleaner"             daemon [_thread_blocked, id=24824, stack(0x0000002505900000,0x0000002505a00000) (1024K)]
  0x000001b652b663a0 JavaThread "Monitor Ctrl-Break"         daemon [_thread_in_native, id=4920, stack(0x0000002505a00000,0x0000002505b00000) (1024K)]
  0x000001b652c446d0 JavaThread "Notification Thread"        daemon [_thread_blocked, id=21692, stack(0x0000002505b00000,0x0000002505c00000) (1024K)]
  0x000001b698cc9ad0 JavaThread "background-preinit"                [_thread_in_native, id=26268, stack(0x0000002505c00000,0x0000002505d00000) (1024K)]
  0x000001b6990fdae0 JavaThread "C2 CompilerThread1"         daemon [_thread_blocked, id=1324, stack(0x0000002506600000,0x0000002506700000) (1024K)]
  0x000001b699571a70 JavaThread "C2 CompilerThread2"         daemon [_thread_blocked, id=15260, stack(0x0000002506700000,0x0000002506800000) (1024K)]
Total: 15

Other Threads:
  0x000001b65283c8c0 VMThread "VM Thread"                           [id=9784, stack(0x0000002505000000,0x0000002505100000) (1024K)]
  0x000001b652824480 WatcherThread "VM Periodic Task Thread"        [id=16680, stack(0x0000002504f00000,0x0000002505000000) (1024K)]
  0x000001b6357a8c70 WorkerThread "GC Thread#0"                     [id=9396, stack(0x0000002504a00000,0x0000002504b00000) (1024K)]
  0x000001b69896e8c0 WorkerThread "GC Thread#1"                     [id=22524, stack(0x0000002505d00000,0x0000002505e00000) (1024K)]
  0x000001b698a40ec0 WorkerThread "GC Thread#2"                     [id=18284, stack(0x0000002505e00000,0x0000002505f00000) (1024K)]
  0x000001b698a41270 WorkerThread "GC Thread#3"                     [id=12812, stack(0x0000002505f00000,0x0000002506000000) (1024K)]
  0x000001b698a6b4e0 WorkerThread "GC Thread#4"                     [id=8212, stack(0x0000002506000000,0x0000002506100000) (1024K)]
  0x000001b698a6bea0 WorkerThread "GC Thread#5"                     [id=14016, stack(0x0000002506100000,0x0000002506200000) (1024K)]
  0x000001b698a70260 WorkerThread "GC Thread#6"                     [id=23524, stack(0x0000002506200000,0x0000002506300000) (1024K)]
  0x000001b698a70a20 WorkerThread "GC Thread#7"                     [id=16336, stack(0x0000002506300000,0x0000002506400000) (1024K)]
  0x000001b698a70dd0 WorkerThread "GC Thread#8"                     [id=29188, stack(0x0000002506400000,0x0000002506500000) (1024K)]
  0x000001b69893b150 WorkerThread "GC Thread#9"                     [id=26484, stack(0x0000002506500000,0x0000002506600000) (1024K)]
  0x000001b6357bdfb0 ConcurrentGCThread "G1 Main Marker"            [id=13496, stack(0x0000002504b00000,0x0000002504c00000) (1024K)]
  0x000001b6357bf260 WorkerThread "G1 Conc#0"                       [id=18136, stack(0x0000002504c00000,0x0000002504d00000) (1024K)]
  0x000001b6357feac0 ConcurrentGCThread "G1 Refine#0"               [id=18260, stack(0x0000002504d00000,0x0000002504e00000) (1024K)]
  0x000001b6526f17c0 ConcurrentGCThread "G1 Service"                [id=15116, stack(0x0000002504e00000,0x0000002504f00000) (1024K)]
Total: 16

Threads with active compile tasks:
C2 CompilerThread0  20088 2317       4       java.lang.invoke.MethodType::makeImpl (109 bytes)
Total: 1

VM state: not at safepoint (normal execution)

VM Mutex/Monitor currently owned by a thread: None

Heap address: 0x0000000084e00000, size: 1970 MB, Compressed Oops mode: 32-bit

CDS archive(s) mapped at: [0x000001b653000000-0x000001b653d70000-0x000001b653d70000), size 14090240, SharedBaseAddress: 0x000001b653000000, ArchiveRelocationMode: 1.
Compressed class space mapped at: 0x000001b654000000-0x000001b694000000, reserved size: 1073741824
Narrow klass base: 0x000001b653000000, Narrow klass shift: 0, Narrow klass range: 0x41000000

GC Precious Log:
 CardTable entry size: 512
 Card Set container configuration: InlinePtr #cards 5 size 8 Array Of Cards #cards 10 size 36 Howl #buckets 4 coarsen threshold 1843 Howl Bitmap #cards 512 size 80 coarsen threshold 460 Card regions per heap region 1 cards per card region 2048
 CPUs: 12 total, 12 available
 Memory: 7876M
 Large Page Support: Disabled
 NUMA Support: Disabled
 Compressed Oops: Enabled (32-bit)
 Heap Region Size: 1M
 Heap Min Capacity: 8M
 Heap Initial Capacity: 124M
 Heap Max Capacity: 1970M
 Pre-touch: Disabled
 Parallel Workers: 10
 Concurrent Workers: 3
 Concurrent Refinement Workers: 10
 Periodic GC: Disabled

Heap:
 garbage-first heap   total reserved 2017280K, committed 126976K, used 34749K [0x0000000084e00000, 0x0000000100000000)
  region size 1024K, 26 young (26624K), 2 survivors (2048K)
 Metaspace       used 17492K, committed 17792K, reserved 1114112K
  class space    used 2274K, committed 2432K, reserved 1048576K

Heap Regions: E=young(eden), S=young(survivor), O=old, HS=humongous(starts), HC=humongous(continues), CS=collection set, F=free, TAMS=top-at-mark-start, PB=parsable bottom
|   0|0x0000000084e00000, 0x0000000084f00000, 0x0000000084f00000|100%|HS|  |TAMS 0x0000000084e00000| PB 0x0000000084e00000| Complete |  0
|   1|0x0000000084f00000, 0x0000000085000000, 0x0000000085000000|100%|HS|  |TAMS 0x0000000084f00000| PB 0x0000000084f00000| Complete |  0
|   2|0x0000000085000000, 0x0000000085100000, 0x0000000085100000|100%| O|  |TAMS 0x0000000085000000| PB 0x0000000085000000| Untracked |  0
|   3|0x0000000085100000, 0x0000000085200000, 0x0000000085200000|100%| O|  |TAMS 0x0000000085100000| PB 0x0000000085100000| Untracked |  0
|   4|0x0000000085200000, 0x0000000085300000, 0x0000000085300000|100%| O|  |TAMS 0x0000000085200000| PB 0x0000000085200000| Untracked |  0
|   5|0x0000000085300000, 0x0000000085400000, 0x0000000085400000|100%| O|  |TAMS 0x0000000085300000| PB 0x0000000085300000| Untracked |  0
|   6|0x0000000085400000, 0x0000000085500000, 0x0000000085500000|100%| O|  |TAMS 0x0000000085400000| PB 0x0000000085400000| Untracked |  0
|   7|0x0000000085500000, 0x0000000085600000, 0x0000000085600000|100%| O|  |TAMS 0x0000000085500000| PB 0x0000000085500000| Untracked |  0
|   8|0x0000000085600000, 0x0000000085700000, 0x0000000085700000|100%| O|  |TAMS 0x0000000085600000| PB 0x0000000085600000| Untracked |  0
|   9|0x0000000085700000, 0x0000000085800000, 0x0000000085800000|100%| O|  |TAMS 0x0000000085700000| PB 0x0000000085700000| Untracked |  0
|  10|0x0000000085800000, 0x0000000085820410, 0x0000000085900000| 12%| O|  |TAMS 0x0000000085800000| PB 0x0000000085800000| Untracked |  0
|  11|0x0000000085900000, 0x0000000085900000, 0x0000000085a00000|  0%| F|  |TAMS 0x0000000085900000| PB 0x0000000085900000| Untracked |  0
|  12|0x0000000085a00000, 0x0000000085a00000, 0x0000000085b00000|  0%| F|  |TAMS 0x0000000085a00000| PB 0x0000000085a00000| Untracked |  0
|  13|0x0000000085b00000, 0x0000000085b00000, 0x0000000085c00000|  0%| F|  |TAMS 0x0000000085b00000| PB 0x0000000085b00000| Untracked |  0
|  14|0x0000000085c00000, 0x0000000085c00000, 0x0000000085d00000|  0%| F|  |TAMS 0x0000000085c00000| PB 0x0000000085c00000| Untracked |  0
|  15|0x0000000085d00000, 0x0000000085d00000, 0x0000000085e00000|  0%| F|  |TAMS 0x0000000085d00000| PB 0x0000000085d00000| Untracked |  0
|  16|0x0000000085e00000, 0x0000000085e00000, 0x0000000085f00000|  0%| F|  |TAMS 0x0000000085e00000| PB 0x0000000085e00000| Untracked |  0
|  17|0x0000000085f00000, 0x0000000085f00000, 0x0000000086000000|  0%| F|  |TAMS 0x0000000085f00000| PB 0x0000000085f00000| Untracked |  0
|  18|0x0000000086000000, 0x0000000086000000, 0x0000000086100000|  0%| F|  |TAMS 0x0000000086000000| PB 0x0000000086000000| Untracked |  0
|  19|0x0000000086100000, 0x0000000086100000, 0x0000000086200000|  0%| F|  |TAMS 0x0000000086100000| PB 0x0000000086100000| Untracked |  0
|  20|0x0000000086200000, 0x0000000086200000, 0x0000000086300000|  0%| F|  |TAMS 0x0000000086200000| PB 0x0000000086200000| Untracked |  0
|  21|0x0000000086300000, 0x0000000086300000, 0x0000000086400000|  0%| F|  |TAMS 0x0000000086300000| PB 0x0000000086300000| Untracked |  0
|  22|0x0000000086400000, 0x0000000086400000, 0x0000000086500000|  0%| F|  |TAMS 0x0000000086400000| PB 0x0000000086400000| Untracked |  0
|  23|0x0000000086500000, 0x0000000086500000, 0x0000000086600000|  0%| F|  |TAMS 0x0000000086500000| PB 0x0000000086500000| Untracked |  0
|  24|0x0000000086600000, 0x0000000086600000, 0x0000000086700000|  0%| F|  |TAMS 0x0000000086600000| PB 0x0000000086600000| Untracked |  0
|  25|0x0000000086700000, 0x0000000086700000, 0x0000000086800000|  0%| F|  |TAMS 0x0000000086700000| PB 0x0000000086700000| Untracked |  0
|  26|0x0000000086800000, 0x0000000086800000, 0x0000000086900000|  0%| F|  |TAMS 0x0000000086800000| PB 0x0000000086800000| Untracked |  0
|  27|0x0000000086900000, 0x0000000086900000, 0x0000000086a00000|  0%| F|  |TAMS 0x0000000086900000| PB 0x0000000086900000| Untracked |  0
|  28|0x0000000086a00000, 0x0000000086a00000, 0x0000000086b00000|  0%| F|  |TAMS 0x0000000086a00000| PB 0x0000000086a00000| Untracked |  0
|  29|0x0000000086b00000, 0x0000000086b00000, 0x0000000086c00000|  0%| F|  |TAMS 0x0000000086b00000| PB 0x0000000086b00000| Untracked |  0
|  30|0x0000000086c00000, 0x0000000086c00000, 0x0000000086d00000|  0%| F|  |TAMS 0x0000000086c00000| PB 0x0000000086c00000| Untracked |  0
|  31|0x0000000086d00000, 0x0000000086d00000, 0x0000000086e00000|  0%| F|  |TAMS 0x0000000086d00000| PB 0x0000000086d00000| Untracked |  0
|  32|0x0000000086e00000, 0x0000000086e00000, 0x0000000086f00000|  0%| F|  |TAMS 0x0000000086e00000| PB 0x0000000086e00000| Untracked |  0
|  33|0x0000000086f00000, 0x0000000086f00000, 0x0000000087000000|  0%| F|  |TAMS 0x0000000086f00000| PB 0x0000000086f00000| Untracked |  0
|  34|0x0000000087000000, 0x0000000087000000, 0x0000000087100000|  0%| F|  |TAMS 0x0000000087000000| PB 0x0000000087000000| Untracked |  0
|  35|0x0000000087100000, 0x0000000087100000, 0x0000000087200000|  0%| F|  |TAMS 0x0000000087100000| PB 0x0000000087100000| Untracked |  0
|  36|0x0000000087200000, 0x0000000087200000, 0x0000000087300000|  0%| F|  |TAMS 0x0000000087200000| PB 0x0000000087200000| Untracked |  0
|  37|0x0000000087300000, 0x0000000087300000, 0x0000000087400000|  0%| F|  |TAMS 0x0000000087300000| PB 0x0000000087300000| Untracked |  0
|  38|0x0000000087400000, 0x0000000087400000, 0x0000000087500000|  0%| F|  |TAMS 0x0000000087400000| PB 0x0000000087400000| Untracked |  0
|  39|0x0000000087500000, 0x0000000087500000, 0x0000000087600000|  0%| F|  |TAMS 0x0000000087500000| PB 0x0000000087500000| Untracked |  0
|  40|0x0000000087600000, 0x0000000087600000, 0x0000000087700000|  0%| F|  |TAMS 0x0000000087600000| PB 0x0000000087600000| Untracked |  0
|  41|0x0000000087700000, 0x0000000087700000, 0x0000000087800000|  0%| F|  |TAMS 0x0000000087700000| PB 0x0000000087700000| Untracked |  0
|  42|0x0000000087800000, 0x0000000087800000, 0x0000000087900000|  0%| F|  |TAMS 0x0000000087800000| PB 0x0000000087800000| Untracked |  0
|  43|0x0000000087900000, 0x0000000087900000, 0x0000000087a00000|  0%| F|  |TAMS 0x0000000087900000| PB 0x0000000087900000| Untracked |  0
|  44|0x0000000087a00000, 0x0000000087a00000, 0x0000000087b00000|  0%| F|  |TAMS 0x0000000087a00000| PB 0x0000000087a00000| Untracked |  0
|  45|0x0000000087b00000, 0x0000000087b00000, 0x0000000087c00000|  0%| F|  |TAMS 0x0000000087b00000| PB 0x0000000087b00000| Untracked |  0
|  46|0x0000000087c00000, 0x0000000087c00000, 0x0000000087d00000|  0%| F|  |TAMS 0x0000000087c00000| PB 0x0000000087c00000| Untracked |  0
|  47|0x0000000087d00000, 0x0000000087d00000, 0x0000000087e00000|  0%| F|  |TAMS 0x0000000087d00000| PB 0x0000000087d00000| Untracked |  0
|  48|0x0000000087e00000, 0x0000000087e00000, 0x0000000087f00000|  0%| F|  |TAMS 0x0000000087e00000| PB 0x0000000087e00000| Untracked |  0
|  49|0x0000000087f00000, 0x0000000087f00000, 0x0000000088000000|  0%| F|  |TAMS 0x0000000087f00000| PB 0x0000000087f00000| Untracked |  0
|  50|0x0000000088000000, 0x0000000088000000, 0x0000000088100000|  0%| F|  |TAMS 0x0000000088000000| PB 0x0000000088000000| Untracked |  0
|  51|0x0000000088100000, 0x0000000088100000, 0x0000000088200000|  0%| F|  |TAMS 0x0000000088100000| PB 0x0000000088100000| Untracked |  0
|  52|0x0000000088200000, 0x0000000088200000, 0x0000000088300000|  0%| F|  |TAMS 0x0000000088200000| PB 0x0000000088200000| Untracked |  0
|  53|0x0000000088300000, 0x0000000088300000, 0x0000000088400000|  0%| F|  |TAMS 0x0000000088300000| PB 0x0000000088300000| Untracked |  0
|  54|0x0000000088400000, 0x0000000088400000, 0x0000000088500000|  0%| F|  |TAMS 0x0000000088400000| PB 0x0000000088400000| Untracked |  0
|  55|0x0000000088500000, 0x0000000088500000, 0x0000000088600000|  0%| F|  |TAMS 0x0000000088500000| PB 0x0000000088500000| Untracked |  0
|  56|0x0000000088600000, 0x0000000088600000, 0x0000000088700000|  0%| F|  |TAMS 0x0000000088600000| PB 0x0000000088600000| Untracked |  0
|  57|0x0000000088700000, 0x0000000088700000, 0x0000000088800000|  0%| F|  |TAMS 0x0000000088700000| PB 0x0000000088700000| Untracked |  0
|  58|0x0000000088800000, 0x0000000088800000, 0x0000000088900000|  0%| F|  |TAMS 0x0000000088800000| PB 0x0000000088800000| Untracked |  0
|  59|0x0000000088900000, 0x0000000088900000, 0x0000000088a00000|  0%| F|  |TAMS 0x0000000088900000| PB 0x0000000088900000| Untracked |  0
|  60|0x0000000088a00000, 0x0000000088a00000, 0x0000000088b00000|  0%| F|  |TAMS 0x0000000088a00000| PB 0x0000000088a00000| Untracked |  0
|  61|0x0000000088b00000, 0x0000000088b00000, 0x0000000088c00000|  0%| F|  |TAMS 0x0000000088b00000| PB 0x0000000088b00000| Untracked |  0
|  62|0x0000000088c00000, 0x0000000088c00000, 0x0000000088d00000|  0%| F|  |TAMS 0x0000000088c00000| PB 0x0000000088c00000| Untracked |  0
|  63|0x0000000088d00000, 0x0000000088d00000, 0x0000000088e00000|  0%| F|  |TAMS 0x0000000088d00000| PB 0x0000000088d00000| Untracked |  0
|  64|0x0000000088e00000, 0x0000000088e00000, 0x0000000088f00000|  0%| F|  |TAMS 0x0000000088e00000| PB 0x0000000088e00000| Untracked |  0
|  65|0x0000000088f00000, 0x0000000088f00000, 0x0000000089000000|  0%| F|  |TAMS 0x0000000088f00000| PB 0x0000000088f00000| Untracked |  0
|  66|0x0000000089000000, 0x0000000089000000, 0x0000000089100000|  0%| F|  |TAMS 0x0000000089000000| PB 0x0000000089000000| Untracked |  0
|  67|0x0000000089100000, 0x0000000089100000, 0x0000000089200000|  0%| F|  |TAMS 0x0000000089100000| PB 0x0000000089100000| Untracked |  0
|  68|0x0000000089200000, 0x0000000089200000, 0x0000000089300000|  0%| F|  |TAMS 0x0000000089200000| PB 0x0000000089200000| Untracked |  0
|  69|0x0000000089300000, 0x0000000089300000, 0x0000000089400000|  0%| F|  |TAMS 0x0000000089300000| PB 0x0000000089300000| Untracked |  0
|  70|0x0000000089400000, 0x0000000089400000, 0x0000000089500000|  0%| F|  |TAMS 0x0000000089400000| PB 0x0000000089400000| Untracked |  0
|  71|0x0000000089500000, 0x0000000089500000, 0x0000000089600000|  0%| F|  |TAMS 0x0000000089500000| PB 0x0000000089500000| Untracked |  0
|  72|0x0000000089600000, 0x0000000089600000, 0x0000000089700000|  0%| F|  |TAMS 0x0000000089600000| PB 0x0000000089600000| Untracked |  0
|  73|0x0000000089700000, 0x0000000089700000, 0x0000000089800000|  0%| F|  |TAMS 0x0000000089700000| PB 0x0000000089700000| Untracked |  0
|  74|0x0000000089800000, 0x0000000089800000, 0x0000000089900000|  0%| F|  |TAMS 0x0000000089800000| PB 0x0000000089800000| Untracked |  0
|  75|0x0000000089900000, 0x0000000089900000, 0x0000000089a00000|  0%| F|  |TAMS 0x0000000089900000| PB 0x0000000089900000| Untracked |  0
|  76|0x0000000089a00000, 0x0000000089a00000, 0x0000000089b00000|  0%| F|  |TAMS 0x0000000089a00000| PB 0x0000000089a00000| Untracked |  0
|  77|0x0000000089b00000, 0x0000000089b00000, 0x0000000089c00000|  0%| F|  |TAMS 0x0000000089b00000| PB 0x0000000089b00000| Untracked |  0
|  78|0x0000000089c00000, 0x0000000089c00000, 0x0000000089d00000|  0%| F|  |TAMS 0x0000000089c00000| PB 0x0000000089c00000| Untracked |  0
|  79|0x0000000089d00000, 0x0000000089d00000, 0x0000000089e00000|  0%| F|  |TAMS 0x0000000089d00000| PB 0x0000000089d00000| Untracked |  0
|  80|0x0000000089e00000, 0x0000000089e00000, 0x0000000089f00000|  0%| F|  |TAMS 0x0000000089e00000| PB 0x0000000089e00000| Untracked |  0
|  81|0x0000000089f00000, 0x0000000089f00000, 0x000000008a000000|  0%| F|  |TAMS 0x0000000089f00000| PB 0x0000000089f00000| Untracked |  0
|  82|0x000000008a000000, 0x000000008a000000, 0x000000008a100000|  0%| F|  |TAMS 0x000000008a000000| PB 0x000000008a000000| Untracked |  0
|  83|0x000000008a100000, 0x000000008a100000, 0x000000008a200000|  0%| F|  |TAMS 0x000000008a100000| PB 0x000000008a100000| Untracked |  0
|  84|0x000000008a200000, 0x000000008a200000, 0x000000008a300000|  0%| F|  |TAMS 0x000000008a200000| PB 0x000000008a200000| Untracked |  0
|  85|0x000000008a300000, 0x000000008a300000, 0x000000008a400000|  0%| F|  |TAMS 0x000000008a300000| PB 0x000000008a300000| Untracked |  0
|  86|0x000000008a400000, 0x000000008a400000, 0x000000008a500000|  0%| F|  |TAMS 0x000000008a400000| PB 0x000000008a400000| Untracked |  0
|  87|0x000000008a500000, 0x000000008a500000, 0x000000008a600000|  0%| F|  |TAMS 0x000000008a500000| PB 0x000000008a500000| Untracked |  0
|  88|0x000000008a600000, 0x000000008a600000, 0x000000008a700000|  0%| F|  |TAMS 0x000000008a600000| PB 0x000000008a600000| Untracked |  0
|  89|0x000000008a700000, 0x000000008a700000, 0x000000008a800000|  0%| F|  |TAMS 0x000000008a700000| PB 0x000000008a700000| Untracked |  0
|  90|0x000000008a800000, 0x000000008a800000, 0x000000008a900000|  0%| F|  |TAMS 0x000000008a800000| PB 0x000000008a800000| Untracked |  0
|  91|0x000000008a900000, 0x000000008a900000, 0x000000008aa00000|  0%| F|  |TAMS 0x000000008a900000| PB 0x000000008a900000| Untracked |  0
|  92|0x000000008aa00000, 0x000000008aa00000, 0x000000008ab00000|  0%| F|  |TAMS 0x000000008aa00000| PB 0x000000008aa00000| Untracked |  0
|  93|0x000000008ab00000, 0x000000008ab00000, 0x000000008ac00000|  0%| F|  |TAMS 0x000000008ab00000| PB 0x000000008ab00000| Untracked |  0
|  94|0x000000008ac00000, 0x000000008ac00000, 0x000000008ad00000|  0%| F|  |TAMS 0x000000008ac00000| PB 0x000000008ac00000| Untracked |  0
|  95|0x000000008ad00000, 0x000000008ad00000, 0x000000008ae00000|  0%| F|  |TAMS 0x000000008ad00000| PB 0x000000008ad00000| Untracked |  0
|  96|0x000000008ae00000, 0x000000008ae00000, 0x000000008af00000|  0%| F|  |TAMS 0x000000008ae00000| PB 0x000000008ae00000| Untracked |  0
|  97|0x000000008af00000, 0x000000008af00000, 0x000000008b000000|  0%| F|  |TAMS 0x000000008af00000| PB 0x000000008af00000| Untracked |  0
|  98|0x000000008b000000, 0x000000008b0bd6a0, 0x000000008b100000| 73%| E|  |TAMS 0x000000008b000000| PB 0x000000008b000000| Complete |  0
|  99|0x000000008b100000, 0x000000008b200000, 0x000000008b200000|100%| E|CS|TAMS 0x000000008b100000| PB 0x000000008b100000| Complete |  0
| 100|0x000000008b200000, 0x000000008b300000, 0x000000008b300000|100%| E|CS|TAMS 0x000000008b200000| PB 0x000000008b200000| Complete |  0
| 101|0x000000008b300000, 0x000000008b400000, 0x000000008b400000|100%| E|CS|TAMS 0x000000008b300000| PB 0x000000008b300000| Complete |  0
| 102|0x000000008b400000, 0x000000008b500000, 0x000000008b500000|100%| E|CS|TAMS 0x000000008b400000| PB 0x000000008b400000| Complete |  0
| 103|0x000000008b500000, 0x000000008b5cf130, 0x000000008b600000| 80%| S|CS|TAMS 0x000000008b500000| PB 0x000000008b500000| Complete |  0
| 104|0x000000008b600000, 0x000000008b700000, 0x000000008b700000|100%| S|CS|TAMS 0x000000008b600000| PB 0x000000008b600000| Complete |  0
| 105|0x000000008b700000, 0x000000008b800000, 0x000000008b800000|100%| E|  |TAMS 0x000000008b700000| PB 0x000000008b700000| Complete |  0
| 106|0x000000008b800000, 0x000000008b900000, 0x000000008b900000|100%| E|CS|TAMS 0x000000008b800000| PB 0x000000008b800000| Complete |  0
| 107|0x000000008b900000, 0x000000008ba00000, 0x000000008ba00000|100%| E|CS|TAMS 0x000000008b900000| PB 0x000000008b900000| Complete |  0
| 108|0x000000008ba00000, 0x000000008bb00000, 0x000000008bb00000|100%| E|CS|TAMS 0x000000008ba00000| PB 0x000000008ba00000| Complete |  0
| 109|0x000000008bb00000, 0x000000008bc00000, 0x000000008bc00000|100%| E|CS|TAMS 0x000000008bb00000| PB 0x000000008bb00000| Complete |  0
| 110|0x000000008bc00000, 0x000000008bd00000, 0x000000008bd00000|100%| E|CS|TAMS 0x000000008bc00000| PB 0x000000008bc00000| Complete |  0
| 111|0x000000008bd00000, 0x000000008be00000, 0x000000008be00000|100%| E|CS|TAMS 0x000000008bd00000| PB 0x000000008bd00000| Complete |  0
| 112|0x000000008be00000, 0x000000008bf00000, 0x000000008bf00000|100%| E|CS|TAMS 0x000000008be00000| PB 0x000000008be00000| Complete |  0
| 113|0x000000008bf00000, 0x000000008c000000, 0x000000008c000000|100%| E|CS|TAMS 0x000000008bf00000| PB 0x000000008bf00000| Complete |  0
| 114|0x000000008c000000, 0x000000008c100000, 0x000000008c100000|100%| E|CS|TAMS 0x000000008c000000| PB 0x000000008c000000| Complete |  0
| 115|0x000000008c100000, 0x000000008c200000, 0x000000008c200000|100%| E|CS|TAMS 0x000000008c100000| PB 0x000000008c100000| Complete |  0
| 116|0x000000008c200000, 0x000000008c300000, 0x000000008c300000|100%| E|CS|TAMS 0x000000008c200000| PB 0x000000008c200000| Complete |  0
| 117|0x000000008c300000, 0x000000008c400000, 0x000000008c400000|100%| E|CS|TAMS 0x000000008c300000| PB 0x000000008c300000| Complete |  0
| 118|0x000000008c400000, 0x000000008c500000, 0x000000008c500000|100%| E|CS|TAMS 0x000000008c400000| PB 0x000000008c400000| Complete |  0
| 119|0x000000008c500000, 0x000000008c600000, 0x000000008c600000|100%| E|CS|TAMS 0x000000008c500000| PB 0x000000008c500000| Complete |  0
| 120|0x000000008c600000, 0x000000008c700000, 0x000000008c700000|100%| E|CS|TAMS 0x000000008c600000| PB 0x000000008c600000| Complete |  0
| 121|0x000000008c700000, 0x000000008c800000, 0x000000008c800000|100%| E|CS|TAMS 0x000000008c700000| PB 0x000000008c700000| Complete |  0
| 122|0x000000008c800000, 0x000000008c900000, 0x000000008c900000|100%| E|CS|TAMS 0x000000008c800000| PB 0x000000008c800000| Complete |  0
| 123|0x000000008c900000, 0x000000008ca00000, 0x000000008ca00000|100%| E|CS|TAMS 0x000000008c900000| PB 0x000000008c900000| Complete |  0

Card table byte_map: [0x000001b64d8c0000,0x000001b64dca0000] _byte_map_base: 0x000001b64d499000

Marking Bits: (CMBitMap*) 0x000001b6357a9380
 Bits: [0x000001b64dca0000, 0x000001b64fb68000)

Polling page: 0x000001b634f00000

Metaspace:

Usage:
  Non-class:     14.89 MB used.
      Class:      2.23 MB used.
       Both:     17.12 MB used.

Virtual space:
  Non-class space:       64.00 MB reserved,      15.06 MB ( 24%) committed,  1 nodes.
      Class space:        1.00 GB reserved,       2.38 MB ( <1%) committed,  1 nodes.
             Both:        1.06 GB reserved,      17.44 MB (  2%) committed. 

Chunk freelists:
   Non-Class:  992.00 KB
       Class:  13.56 MB
        Both:  14.53 MB

MaxMetaspaceSize: unlimited
CompressedClassSpaceSize: 1.00 GB
Initial GC threshold: 21.00 MB
Current GC threshold: 21.00 MB
CDS: on
 - commit_granule_bytes: 65536.
 - commit_granule_words: 8192.
 - virtual_space_node_default_size: 8388608.
 - enlarge_chunks_in_place: 1.
 - use_allocation_guard: 0.


Internal statistics:

num_allocs_failed_limit: 0.
num_arena_births: 320.
num_arena_deaths: 0.
num_vsnodes_births: 2.
num_vsnodes_deaths: 0.
num_space_committed: 279.
num_space_uncommitted: 0.
num_chunks_returned_to_freelist: 0.
num_chunks_taken_from_freelist: 857.
num_chunk_merges: 0.
num_chunk_splits: 558.
num_chunks_enlarged: 375.
num_inconsistent_stats: 0.

CodeHeap 'non-profiled nmethods': size=120064Kb used=777Kb max_used=777Kb free=119286Kb
 bounds [0x000001b645930000, 0x000001b645ba0000, 0x000001b64ce70000]
CodeHeap 'profiled nmethods': size=120000Kb used=3490Kb max_used=3490Kb free=116509Kb
 bounds [0x000001b63de70000, 0x000001b63e1e0000, 0x000001b6453a0000]
CodeHeap 'non-nmethods': size=5696Kb used=1423Kb max_used=1453Kb free=4272Kb
 bounds [0x000001b6453a0000, 0x000001b645610000, 0x000001b645930000]
CodeCache: size=245760Kb, used=5690Kb, max_used=5720Kb, free=240067Kb
 total_blobs=3027, nmethods=2502, adapters=430, full_count=0
Compilation: enabled, stopped_count=0, restarted_count=0

Compilation events (20 events):
Event: 14.745 Thread 0x000001b6990fdae0 nmethod 2336 0x000001b6459e4b88 code [0x000001b6459e4c80, 0x000001b6459e4d38]
Event: 14.745 Thread 0x000001b6990fdae0 2382       4       jdk.internal.misc.Unsafe::getInt (7 bytes)
Event: 14.746 Thread 0x000001b6990fdae0 nmethod 2382 0x000001b6459e4e88 code [0x000001b6459e4f80, 0x000001b6459e5000]
Event: 14.746 Thread 0x000001b6990fdae0 2341       4       java.util.zip.ZipFile$Source::getEntryNext (9 bytes)
Event: 14.746 Thread 0x000001b65287f2e0 nmethod 2391 0x000001b63e1ab988 code [0x000001b63e1abc20, 0x000001b63e1accc8]
Event: 14.747 Thread 0x000001b65287f2e0 2392       1       com.sun.org.apache.xerces.internal.util.Status::isExceptional (5 bytes)
Event: 14.747 Thread 0x000001b65287f2e0 nmethod 2392 0x000001b6459e5188 code [0x000001b6459e52a0, 0x000001b6459e5370]
Event: 14.748 Thread 0x000001b6990fdae0 nmethod 2341 0x000001b6459e5488 code [0x000001b6459e5580, 0x000001b6459e5640]
Event: 14.748 Thread 0x000001b6990fdae0 2393       4       java.lang.ThreadLocal::getMap (5 bytes)
Event: 14.748 Thread 0x000001b65287f2e0 2394       3       com.sun.org.apache.xerces.internal.util.XMLChar::isInvalid (13 bytes)
Event: 14.749 Thread 0x000001b6990fdae0 nmethod 2393 0x000001b6459e5788 code [0x000001b6459e5880, 0x000001b6459e5910]
Event: 14.749 Thread 0x000001b65287f2e0 nmethod 2394 0x000001b63e1acd88 code [0x000001b63e1acec0, 0x000001b63e1ad158]
Event: 14.749 Thread 0x000001b65287f2e0 2395       3       com.sun.org.apache.xerces.internal.util.XMLChar::isValid (34 bytes)
Event: 14.749 Thread 0x000001b65287f2e0 nmethod 2395 0x000001b63e1ad188 code [0x000001b63e1ad2a0, 0x000001b63e1ad498]
Event: 14.754 Thread 0x000001b65287f2e0 2396       3       jdk.internal.misc.Unsafe::checkOffset (32 bytes)
Event: 14.754 Thread 0x000001b65287f2e0 nmethod 2396 0x000001b63e1ad508 code [0x000001b63e1ad640, 0x000001b63e1ad8a8]
Event: 14.754 Thread 0x000001b65287f2e0 2397       3       jdk.internal.misc.Unsafe::checkNativeAddress (28 bytes)
Event: 14.755 Thread 0x000001b65287f2e0 nmethod 2397 0x000001b63e1ad908 code [0x000001b63e1ada20, 0x000001b63e1adb38]
Event: 14.764 Thread 0x000001b65287f2e0 2398       3       org.springframework.util.StringUtils::cleanPath (346 bytes)
Event: 14.777 Thread 0x000001b6990fdae0 2405       4       java.lang.String::indexOf (101 bytes)

GC Heap History (4 events):
Event: 3.849 GC heap before
{Heap before GC invocations=0 (full 0):
 garbage-first heap   total reserved 2017280K, committed 126976K, used 25600K [0x0000000084e00000, 0x0000000100000000)
  region size 1024K, 24 young (24576K), 0 survivors (0K)
 Metaspace       used 6241K, committed 6464K, reserved 1114112K
  class space    used 722K, committed 832K, reserved 1048576K
}
Event: 3.878 GC heap after
{Heap after GC invocations=1 (full 0):
 garbage-first heap   total reserved 2017280K, committed 126976K, used 10176K [0x0000000084e00000, 0x0000000100000000)
  region size 1024K, 3 young (3072K), 3 survivors (3072K)
 Metaspace       used 6241K, committed 6464K, reserved 1114112K
  class space    used 722K, committed 832K, reserved 1048576K
}
Event: 5.672 GC heap before
{Heap before GC invocations=1 (full 0):
 garbage-first heap   total reserved 2017280K, committed 126976K, used 28608K [0x0000000084e00000, 0x0000000100000000)
  region size 1024K, 22 young (22528K), 3 survivors (3072K)
 Metaspace       used 11428K, committed 11776K, reserved 1114112K
  class space    used 1467K, committed 1600K, reserved 1048576K
}
Event: 5.685 GC heap after
{Heap after GC invocations=2 (full 0):
 garbage-first heap   total reserved 2017280K, committed 126976K, used 12221K [0x0000000084e00000, 0x0000000100000000)
  region size 1024K, 2 young (2048K), 2 survivors (2048K)
 Metaspace       used 11428K, committed 11776K, reserved 1114112K
  class space    used 1467K, committed 1600K, reserved 1048576K
}

Dll operation events (11 events):
Event: 0.077 Loaded shared library C:\Program Files\Java\jdk-23\bin\java.dll
Event: 0.190 Loaded shared library C:\Program Files\Java\jdk-23\bin\jsvml.dll
Event: 1.047 Loaded shared library C:\Program Files\Java\jdk-23\bin\zip.dll
Event: 1.060 Loaded shared library C:\Program Files\Java\jdk-23\bin\instrument.dll
Event: 1.079 Loaded shared library C:\Program Files\Java\jdk-23\bin\net.dll
Event: 1.088 Loaded shared library C:\Program Files\Java\jdk-23\bin\nio.dll
Event: 1.100 Loaded shared library C:\Program Files\Java\jdk-23\bin\zip.dll
Event: 1.794 Loaded shared library C:\Users\isabe\AppData\Local\Programs\IntelliJ IDEA Community Edition\bin\breakgen64.dll
Event: 1.829 Loaded shared library C:\Program Files\Java\jdk-23\bin\extnet.dll
Event: 1.900 Loaded shared library C:\Program Files\Java\jdk-23\bin\verify.dll
Event: 1.932 Loaded shared library C:\Program Files\Java\jdk-23\bin\jimage.dll

Deoptimization events (20 events):
Event: 10.568 Thread 0x000001b635751c70 Uncommon trap: trap_request=0xffffff45 fr.pc=0x000001b64597e1e4 relative=0x0000000000001c24
Event: 10.568 Thread 0x000001b635751c70 Uncommon trap: reason=unstable_if action=reinterpret pc=0x000001b64597e1e4 method=java.io.WinNTFileSystem.normalize(Ljava/lang/String;)Ljava/lang/String; @ 133 c2
Event: 10.568 Thread 0x000001b635751c70 DEOPT PACKING pc=0x000001b64597e1e4 sp=0x00000025049fdcd0
Event: 10.568 Thread 0x000001b635751c70 DEOPT UNPACKING pc=0x000001b6453f4402 sp=0x00000025049fdcb8 mode 2
Event: 10.569 Thread 0x000001b635751c70 Uncommon trap: trap_request=0xffffff45 fr.pc=0x000001b64595e2c8 relative=0x0000000000000868
Event: 10.569 Thread 0x000001b635751c70 Uncommon trap: reason=unstable_if action=reinterpret pc=0x000001b64595e2c8 method=java.util.zip.ZipCoder.hash(Ljava/lang/String;)I @ 23 c2
Event: 10.569 Thread 0x000001b635751c70 DEOPT PACKING pc=0x000001b64595e2c8 sp=0x00000025049fde90
Event: 10.569 Thread 0x000001b635751c70 DEOPT UNPACKING pc=0x000001b6453f4402 sp=0x00000025049fdd40 mode 2
Event: 10.569 Thread 0x000001b635751c70 Uncommon trap: trap_request=0xffffff45 fr.pc=0x000001b64595cf6c relative=0x000000000000062c
Event: 10.569 Thread 0x000001b635751c70 Uncommon trap: reason=unstable_if action=reinterpret pc=0x000001b64595cf6c method=java.util.zip.ZipCoder.hash(Ljava/lang/String;)I @ 23 c2
Event: 10.569 Thread 0x000001b635751c70 DEOPT PACKING pc=0x000001b64595cf6c sp=0x00000025049fde20
Event: 10.569 Thread 0x000001b635751c70 DEOPT UNPACKING pc=0x000001b6453f4402 sp=0x00000025049fdd40 mode 2
Event: 10.569 Thread 0x000001b635751c70 Uncommon trap: trap_request=0xffffff45 fr.pc=0x000001b6459599a4 relative=0x0000000000000344
Event: 10.569 Thread 0x000001b635751c70 Uncommon trap: reason=unstable_if action=reinterpret pc=0x000001b6459599a4 method=java.util.zip.ZipCoder.hash(Ljava/lang/String;)I @ 23 c2
Event: 10.569 Thread 0x000001b635751c70 DEOPT PACKING pc=0x000001b6459599a4 sp=0x00000025049fddb0
Event: 10.569 Thread 0x000001b635751c70 DEOPT UNPACKING pc=0x000001b6453f4402 sp=0x00000025049fdd38 mode 2
Event: 10.577 Thread 0x000001b635751c70 Uncommon trap: trap_request=0xffffff45 fr.pc=0x000001b64594bd4c relative=0x000000000000004c
Event: 10.577 Thread 0x000001b635751c70 Uncommon trap: reason=unstable_if action=reinterpret pc=0x000001b64594bd4c method=sun.nio.fs.WindowsPathParser.isSlash(C)Z @ 9 c2
Event: 10.578 Thread 0x000001b635751c70 DEOPT PACKING pc=0x000001b64594bd4c sp=0x00000025049fdf80
Event: 10.578 Thread 0x000001b635751c70 DEOPT UNPACKING pc=0x000001b6453f4402 sp=0x00000025049fdf08 mode 2

Classes loaded (20 events):
Event: 14.744 Loading class org/xml/sax/ext/Locator2 done
Event: 14.745 Loading class com/sun/org/apache/xerces/internal/parsers/AbstractSAXParser$LocatorProxy done
Event: 14.746 Loading class com/sun/org/apache/xerces/internal/impl/XMLScanner$NameType
Event: 14.746 Loading class com/sun/org/apache/xerces/internal/impl/XMLScanner$NameType done
Event: 14.748 Loading class com/sun/org/apache/xerces/internal/impl/Constants
Event: 14.751 Loading class com/sun/org/apache/xerces/internal/impl/Constants done
Event: 14.752 Loading class com/sun/org/apache/xerces/internal/impl/Constants$ArrayEnumeration
Event: 14.752 Loading class com/sun/org/apache/xerces/internal/impl/Constants$ArrayEnumeration done
Event: 14.755 Loading class javax/xml/catalog/CatalogEntry
Event: 14.755 Loading class javax/xml/catalog/CatalogEntry done
Event: 14.756 Loading class javax/xml/catalog/Normalizer
Event: 14.757 Loading class javax/xml/catalog/Normalizer done
Event: 14.758 Loading class javax/xml/catalog/CatalogReader$1
Event: 14.758 Loading class javax/xml/catalog/CatalogReader$1 done
Event: 14.758 Loading class javax/xml/catalog/SystemEntry
Event: 14.759 Loading class javax/xml/catalog/SystemEntry done
Event: 14.760 Loading class com/sun/org/apache/xerces/internal/impl/io/MalformedByteSequenceException
Event: 14.761 Loading class com/sun/org/apache/xerces/internal/impl/io/MalformedByteSequenceException done
Event: 14.761 Loading class jdk/xml/internal/JdkProperty
Event: 14.761 Loading class jdk/xml/internal/JdkProperty done

Classes unloaded (0 events):
No events

Classes redefined (0 events):
No events

Internal exceptions (20 events):
Event: 4.590 Thread 0x000001b635751c70 Exception <a 'java/lang/NoSuchMethodError'{0x000000008c32a2c8}: 'int java.lang.invoke.DirectMethodHandle$Holder.invokeVirtual(java.lang.Object, java.lang.Object)'> (0x000000008c32a2c8) 
thrown [s\open\src\hotspot\share\interpreter\linkResolver.cpp, line 796]
Event: 4.711 Thread 0x000001b635751c70 Exception <a 'java/lang/NoSuchMethodError'{0x000000008c3df5f8}: 'java.lang.Object java.lang.invoke.DirectMethodHandle$Holder.invokeSpecial(java.lang.Object, java.lang.Object, java.lang.Object, int, java.lang.Object)'> (0x000000008c3df5f8) 
thrown [s\open\src\hotspot\share\interpreter\linkResolver.cpp, line 796]
Event: 4.713 Thread 0x000001b635751c70 Exception <a 'java/lang/NoSuchMethodError'{0x000000008c3e7100}: 'java.lang.Object java.lang.invoke.DirectMethodHandle$Holder.newInvokeSpecial(java.lang.Object, java.lang.Object, java.lang.Object, int, java.lang.Object)'> (0x000000008c3e7100) 
thrown [s\open\src\hotspot\share\interpreter\linkResolver.cpp, line 796]
Event: 4.716 Thread 0x000001b635751c70 Exception <a 'java/lang/NoSuchMethodError'{0x000000008c3ee6d8}: 'java.lang.Object java.lang.invoke.Invokers$Holder.linkToTargetMethod(java.lang.Object, java.lang.Object, int, java.lang.Object, java.lang.Object)'> (0x000000008c3ee6d8) 
thrown [s\open\src\hotspot\share\interpreter\linkResolver.cpp, line 796]
Event: 4.718 Thread 0x000001b635751c70 Exception <a 'java/lang/NoSuchMethodError'{0x000000008c3f53c0}: 'int java.lang.invoke.DirectMethodHandle$Holder.invokeStatic(java.lang.Object, int, java.lang.Object, java.lang.Object)'> (0x000000008c3f53c0) 
thrown [s\open\src\hotspot\share\interpreter\linkResolver.cpp, line 796]
Event: 4.720 Thread 0x000001b635751c70 Exception <a 'java/lang/NoSuchMethodError'{0x000000008c3fc588}: 'java.lang.Object java.lang.invoke.DirectMethodHandle$Holder.newInvokeSpecial(java.lang.Object, int, java.lang.Object)'> (0x000000008c3fc588) 
thrown [s\open\src\hotspot\share\interpreter\linkResolver.cpp, line 796]
Event: 4.721 Thread 0x000001b635751c70 Exception <a 'java/lang/NoSuchMethodError'{0x000000008c2013d0}: 'int java.lang.invoke.DirectMethodHandle$Holder.invokeSpecialIFC(java.lang.Object, java.lang.Object, java.lang.Object, java.lang.Object)'> (0x000000008c2013d0) 
thrown [s\open\src\hotspot\share\interpreter\linkResolver.cpp, line 796]
Event: 4.791 Thread 0x000001b635751c70 Exception <a 'java/lang/NoSuchMethodError'{0x000000008c2d68a0}: 'void java.lang.invoke.DirectMethodHandle$Holder.invokeInterface(java.lang.Object, java.lang.Object, java.lang.Object)'> (0x000000008c2d68a0) 
thrown [s\open\src\hotspot\share\interpreter\linkResolver.cpp, line 796]
Event: 4.853 Thread 0x000001b635751c70 Exception <a 'java/lang/NoSuchMethodError'{0x000000008c15a1a0}: 'void java.lang.invoke.DirectMethodHandle$Holder.invokeStaticInit(java.lang.Object, java.lang.Object, java.lang.Object)'> (0x000000008c15a1a0) 
thrown [s\open\src\hotspot\share\interpreter\linkResolver.cpp, line 796]
Event: 4.917 Thread 0x000001b635751c70 Exception <a 'java/lang/NoSuchMethodError'{0x000000008c1ef818}: 'void java.lang.invoke.DirectMethodHandle$Holder.invokeVirtual(java.lang.Object, java.lang.Object, java.lang.Object, java.lang.Object)'> (0x000000008c1ef818) 
thrown [s\open\src\hotspot\share\interpreter\linkResolver.cpp, line 796]
Event: 5.238 Thread 0x000001b635751c70 Exception <a 'java/lang/NoSuchMethodError'{0x000000008be3a520}: 'java.lang.reflect.Field[] java.lang.Class.getDeclaredFields(java.lang.Class)'> (0x000000008be3a520) 
thrown [s\open\src\hotspot\share\interpreter\linkResolver.cpp, line 796]
Event: 5.241 Thread 0x000001b635751c70 Exception <a 'java/lang/NoSuchMethodError'{0x000000008be3ef30}: 'java.lang.Object java.lang.invoke.DirectMethodHandle$Holder.invokeStatic(java.lang.Object, java.lang.Object, int)'> (0x000000008be3ef30) 
thrown [s\open\src\hotspot\share\interpreter\linkResolver.cpp, line 796]
Event: 5.245 Thread 0x000001b635751c70 Exception <a 'java/lang/NoSuchMethodError'{0x000000008be4a0e8}: 'void java.lang.invoke.DelegatingMethodHandle$Holder.delegate(java.lang.Object, java.lang.Object, int, java.lang.Object)'> (0x000000008be4a0e8) 
thrown [s\open\src\hotspot\share\interpreter\linkResolver.cpp, line 796]
Event: 5.281 Thread 0x000001b635751c70 Exception <a 'java/lang/NoSuchMethodError'{0x000000008befe990}: 'java.lang.Object java.lang.invoke.DirectMethodHandle$Holder.invokeVirtual(java.lang.Object, java.lang.Object, java.lang.Object)'> (0x000000008befe990) 
thrown [s\open\src\hotspot\share\interpreter\linkResolver.cpp, line 796]
Event: 5.364 Thread 0x000001b635751c70 Exception <a 'java/lang/NoSuchMethodError'{0x000000008bcab820}: 'void java.lang.invoke.DirectMethodHandle$Holder.invokeVirtual(java.lang.Object, java.lang.Object, int)'> (0x000000008bcab820) 
thrown [s\open\src\hotspot\share\interpreter\linkResolver.cpp, line 796]
Event: 5.375 Thread 0x000001b635751c70 Exception <a 'java/lang/NoSuchMethodError'{0x000000008bcbe280}: 'java.lang.Object java.lang.invoke.DirectMethodHandle$Holder.invokeStatic(java.lang.Object, java.lang.Object, java.lang.Object, java.lang.Object, int)'> (0x000000008bcbe280) 
thrown [s\open\src\hotspot\share\interpreter\linkResolver.cpp, line 796]
Event: 5.379 Thread 0x000001b635751c70 Exception <a 'java/lang/NoSuchMethodError'{0x000000008bb22cf8}: 'void java.lang.invoke.DelegatingMethodHandle$Holder.reinvoke_L(java.lang.Object, java.lang.Object, int)'> (0x000000008bb22cf8) 
thrown [s\open\src\hotspot\share\interpreter\linkResolver.cpp, line 796]
Event: 5.396 Thread 0x000001b635751c70 Exception <a 'java/lang/IncompatibleClassChangeError'{0x000000008bb6f678}: Found class java.lang.Object, but interface was expected> (0x000000008bb6f678) 
thrown [s\open\src\hotspot\share\interpreter\linkResolver.cpp, line 863]
Event: 10.586 Thread 0x000001b635751c70 Exception <a 'java/lang/NoSuchMethodError'{0x000000008bac7c70}: 'int java.lang.invoke.DirectMethodHandle$Holder.invokeSpecial(java.lang.Object, java.lang.Object, java.lang.Object, java.lang.Object, java.lang.Object)'> (0x000000008bac7c70) 
thrown [s\open\src\hotspot\share\interpreter\linkResolver.cpp, line 796]
Event: 10.599 Thread 0x000001b635751c70 Exception <a 'java/lang/NoSuchMethodError'{0x000000008bad0410}: 'void java.lang.invoke.DirectMethodHandle$Holder.invokeVirtual(java.lang.Object, java.lang.Object)'> (0x000000008bad0410) 
thrown [s\open\src\hotspot\share\interpreter\linkResolver.cpp, line 796]

VM Operations (20 events):
Event: 3.713 Executing VM operation: HandshakeAllThreads (Deoptimize)
Event: 3.713 Executing VM operation: HandshakeAllThreads (Deoptimize) done
Event: 3.849 Executing VM operation: G1CollectForAllocation (G1 Evacuation Pause)
Event: 3.878 Executing VM operation: G1CollectForAllocation (G1 Evacuation Pause) done
Event: 4.585 Executing VM operation: HandshakeAllThreads (Deoptimize)
Event: 4.585 Executing VM operation: HandshakeAllThreads (Deoptimize) done
Event: 4.768 Executing VM operation: HandshakeAllThreads (Deoptimize)
Event: 4.768 Executing VM operation: HandshakeAllThreads (Deoptimize) done
Event: 5.203 Executing VM operation: HandshakeAllThreads (Deoptimize)
Event: 5.203 Executing VM operation: HandshakeAllThreads (Deoptimize) done
Event: 5.204 Executing VM operation: HandshakeAllThreads (Deoptimize)
Event: 5.204 Executing VM operation: HandshakeAllThreads (Deoptimize) done
Event: 5.240 Executing VM operation: HandshakeAllThreads (Deoptimize)
Event: 5.241 Executing VM operation: HandshakeAllThreads (Deoptimize) done
Event: 5.672 Executing VM operation: G1CollectForAllocation (G1 Evacuation Pause)
Event: 5.685 Executing VM operation: G1CollectForAllocation (G1 Evacuation Pause) done
Event: 7.278 Executing VM operation: HandshakeAllThreads (Deoptimize)
Event: 7.278 Executing VM operation: HandshakeAllThreads (Deoptimize) done
Event: 8.475 Executing VM operation: HandshakeAllThreads (Deoptimize)
Event: 8.475 Executing VM operation: HandshakeAllThreads (Deoptimize) done

Memory protections (0 events):
No events

Nmethod flushes (0 events):
No events

Events (20 events):
Event: 0.176 Thread 0x000001b635751c70 Thread added: 0x000001b65285d710
Event: 0.176 Thread 0x000001b635751c70 Thread added: 0x000001b6528604b0
Event: 0.180 Thread 0x000001b635751c70 Thread added: 0x000001b65287f2e0
Event: 0.974 Thread 0x000001b635751c70 Thread added: 0x000001b65295d5f0
Event: 1.796 Thread 0x000001b635751c70 Thread added: 0x000001b652b663a0
Event: 1.796 Thread 0x000001b635751c70 Thread added: 0x000001b652c446d0
Event: 2.166 Thread 0x000001b6528604b0 Thread added: 0x000001b698489440
Event: 2.166 Thread 0x000001b6528604b0 Thread added: 0x000001b6984d24b0
Event: 2.751 Thread 0x000001b6984d24b0 Thread exited: 0x000001b6984d24b0
Event: 2.856 Thread 0x000001b698489440 Thread exited: 0x000001b698489440
Event: 3.379 Thread 0x000001b65287f2e0 Thread added: 0x000001b698778ce0
Event: 4.079 Thread 0x000001b698778ce0 Thread exited: 0x000001b698778ce0
Event: 4.951 Thread 0x000001b6528604b0 Thread added: 0x000001b698cc9ad0
Event: 5.174 Thread 0x000001b698cc9ad0 Thread exited: 0x000001b698cc9ad0
Event: 5.226 Thread 0x000001b635751c70 Thread added: 0x000001b698cc9ad0
Event: 5.386 Thread 0x000001b65287f2e0 Thread added: 0x000001b698dd1a10
Event: 5.825 Thread 0x000001b698dd1a10 Thread exited: 0x000001b698dd1a10
Event: 6.086 Thread 0x000001b65287f2e0 Thread added: 0x000001b698f57040
Event: 7.275 Thread 0x000001b698f57040 Thread exited: 0x000001b698f57040
Event: 11.707 Thread 0x000001b65287f2e0 Thread added: 0x000001b6990fdae0


Dynamic libraries:
0x00007ff7d7d00000 - 0x00007ff7d7d10000 	C:\Program Files\Java\jdk-23\bin\java.exe
0x00007ffbbca60000 - 0x00007ffbbccc8000 	C:\WINDOWS\SYSTEM32\ntdll.dll
0x00007ffbbb0b0000 - 0x00007ffbbb179000 	C:\WINDOWS\System32\KERNEL32.DLL
0x00007ffbb9bb0000 - 0x00007ffbb9fa8000 	C:\WINDOWS\System32\KERNELBASE.dll
0x00007ffbba6b0000 - 0x00007ffbba7fb000 	C:\WINDOWS\System32\ucrtbase.dll
0x00007ffbb6250000 - 0x00007ffbb6267000 	C:\Program Files\Java\jdk-23\bin\jli.dll
0x00007ffbbaa10000 - 0x00007ffbbabd7000 	C:\WINDOWS\System32\USER32.dll
0x00007ffbb43d0000 - 0x00007ffbb43eb000 	C:\Program Files\Java\jdk-23\bin\VCRUNTIME140.dll
0x00007ffbba5f0000 - 0x00007ffbba617000 	C:\WINDOWS\System32\win32u.dll
0x00007ffb9bed0000 - 0x00007ffb9c164000 	C:\WINDOWS\WinSxS\amd64_microsoft.windows.common-controls_6595b64144ccf1df_6.0.26100.7019_none_3e06ffa0e335b8a8\COMCTL32.dll
0x00007ffbbc4f0000 - 0x00007ffbbc51b000 	C:\WINDOWS\System32\GDI32.dll
0x00007ffbbaf50000 - 0x00007ffbbaff9000 	C:\WINDOWS\System32\msvcrt.dll
0x00007ffbb9fb0000 - 0x00007ffbba0dc000 	C:\WINDOWS\System32\gdi32full.dll
0x00007ffbba310000 - 0x00007ffbba3b3000 	C:\WINDOWS\System32\msvcp_win.dll
0x00007ffbbb640000 - 0x00007ffbbb671000 	C:\WINDOWS\System32\IMM32.DLL
0x00007ffbacdd0000 - 0x00007ffbacddc000 	C:\Program Files\Java\jdk-23\bin\vcruntime140_1.dll
0x00007ffb54120000 - 0x00007ffb541ae000 	C:\Program Files\Java\jdk-23\bin\msvcp140.dll
0x00007ffb01280000 - 0x00007ffb01fcf000 	C:\Program Files\Java\jdk-23\bin\server\jvm.dll
0x00007ffbbc6c0000 - 0x00007ffbbc774000 	C:\WINDOWS\System32\ADVAPI32.dll
0x00007ffbbb000000 - 0x00007ffbbb0a6000 	C:\WINDOWS\System32\sechost.dll
0x00007ffbbb680000 - 0x00007ffbbb798000 	C:\WINDOWS\System32\RPCRT4.dll
0x00007ffbba800000 - 0x00007ffbba874000 	C:\WINDOWS\System32\WS2_32.dll
0x00007ffbb6410000 - 0x00007ffbb6445000 	C:\WINDOWS\SYSTEM32\WINMM.dll
0x00007ffbb9a30000 - 0x00007ffbb9a8e000 	C:\WINDOWS\SYSTEM32\POWRPROF.dll
0x00007ffb9d2e0000 - 0x00007ffb9d2eb000 	C:\WINDOWS\SYSTEM32\VERSION.dll
0x00007ffbb9a10000 - 0x00007ffbb9a24000 	C:\WINDOWS\SYSTEM32\UMPDC.dll
0x00007ffbb8970000 - 0x00007ffbb898b000 	C:\WINDOWS\SYSTEM32\kernel.appcore.dll
0x00007ffbacdc0000 - 0x00007ffbacdca000 	C:\Program Files\Java\jdk-23\bin\jimage.dll
0x00007ffbb71d0000 - 0x00007ffbb7412000 	C:\WINDOWS\SYSTEM32\DBGHELP.DLL
0x00007ffbbba00000 - 0x00007ffbbbd8b000 	C:\WINDOWS\System32\combase.dll
0x00007ffbbacb0000 - 0x00007ffbbad87000 	C:\WINDOWS\System32\OLEAUT32.dll
0x00007ffb9acd0000 - 0x00007ffb9ad0c000 	C:\WINDOWS\SYSTEM32\dbgcore.DLL
0x00007ffbba0e0000 - 0x00007ffbba185000 	C:\WINDOWS\System32\bcryptPrimitives.dll
0x00007ffb61a30000 - 0x00007ffb61a3f000 	C:\Program Files\Java\jdk-23\bin\instrument.dll
0x00007ffb61310000 - 0x00007ffb6132e000 	C:\Program Files\Java\jdk-23\bin\java.dll
0x00007ffbbc880000 - 0x00007ffbbca17000 	C:\WINDOWS\System32\ole32.dll
0x00007ffbbbd90000 - 0x00007ffbbc4e1000 	C:\WINDOWS\System32\SHELL32.dll
0x00007ffbba480000 - 0x00007ffbba5eb000 	C:\WINDOWS\System32\wintypes.dll
0x00007ffbb77b0000 - 0x00007ffbb800d000 	C:\WINDOWS\SYSTEM32\windows.storage.dll
0x00007ffbba900000 - 0x00007ffbba9f2000 	C:\WINDOWS\System32\SHCORE.dll
0x00007ffbbb7b0000 - 0x00007ffbbb817000 	C:\WINDOWS\System32\shlwapi.dll
0x00007ffbb9ad0000 - 0x00007ffbb9af9000 	C:\WINDOWS\SYSTEM32\profapi.dll
0x00007ffb54040000 - 0x00007ffb54117000 	C:\Program Files\Java\jdk-23\bin\jsvml.dll
0x00007ffb612c0000 - 0x00007ffb612d7000 	C:\Program Files\Java\jdk-23\bin\zip.dll
0x00007ffb61300000 - 0x00007ffb61310000 	C:\Program Files\Java\jdk-23\bin\net.dll
0x00007ffbb8ee0000 - 0x00007ffbb8f4b000 	C:\WINDOWS\system32\mswsock.dll
0x00007ffb612e0000 - 0x00007ffb612f6000 	C:\Program Files\Java\jdk-23\bin\nio.dll
0x00007ffb54020000 - 0x00007ffb5403a000 	C:\Users\isabe\AppData\Local\Programs\IntelliJ IDEA Community Edition\bin\breakgen64.dll
0x00007ffb59b10000 - 0x00007ffb59b19000 	C:\Program Files\Java\jdk-23\bin\extnet.dll
0x00007ffb59aa0000 - 0x00007ffb59ab0000 	C:\Program Files\Java\jdk-23\bin\verify.dll

dbghelp: loaded successfully - version: 4.0.5 - missing functions: none
symbol engine: initialized successfully - sym options: 0x614 - pdb path: .;C:\Program Files\Java\jdk-23\bin;C:\WINDOWS\SYSTEM32;C:\WINDOWS\WinSxS\amd64_microsoft.windows.common-controls_6595b64144ccf1df_6.0.26100.7019_none_3e06ffa0e335b8a8;C:\Program Files\Java\jdk-23\bin\server;C:\Users\isabe\AppData\Local\Programs\IntelliJ IDEA Community Edition\bin

VM Arguments:
jvm_args: -javaagent:C:\Users\isabe\AppData\Local\Programs\IntelliJ IDEA Community Edition\lib\idea_rt.jar=58015:C:\Users\isabe\AppData\Local\Programs\IntelliJ IDEA Community Edition\bin -Dfile.encoding=UTF-8 -Dsun.stdout.encoding=UTF-8 -Dsun.stderr.encoding=UTF-8 
java_command: school.sptech.projetoMima.ProjetoMimaApplication
java_class_path (initial): C:\Users\isabe\Downloads\BackEnd\Sprint 4 - CleanArch\JavaSpringBoot\projetoMima\target\classes;C:\Users\isabe\.m2\repository\org\springframework\boot\spring-boot-starter-web\3.4.3\spring-boot-starter-web-3.4.3.jar;C:\Users\isabe\.m2\repository\org\springframework\boot\spring-boot-starter\3.4.3\spring-boot-starter-3.4.3.jar;C:\Users\isabe\.m2\repository\org\springframework\boot\spring-boot\3.4.3\spring-boot-3.4.3.jar;C:\Users\isabe\.m2\repository\org\springframework\boot\spring-boot-autoconfigure\3.4.3\spring-boot-autoconfigure-3.4.3.jar;C:\Users\isabe\.m2\repository\org\springframework\boot\spring-boot-starter-logging\3.4.3\spring-boot-starter-logging-3.4.3.jar;C:\Users\isabe\.m2\repository\ch\qos\logback\logback-classic\1.5.16\logback-classic-1.5.16.jar;C:\Users\isabe\.m2\repository\ch\qos\logback\logback-core\1.5.16\logback-core-1.5.16.jar;C:\Users\isabe\.m2\repository\org\apache\logging\log4j\log4j-to-slf4j\2.24.3\log4j-to-slf4j-2.24.3.jar;C:\Users\isabe\.m2\repository\org\apache\logging\log4j\log4j-api\2.24.3\log4j-api-2.24.3.jar;C:\Users\isabe\.m2\repository\org\slf4j\jul-to-slf4j\2.0.16\jul-to-slf4j-2.0.16.jar;C:\Users\isabe\.m2\repository\jakarta\annotation\jakarta.annotation-api\2.1.1\jakarta.annotation-api-2.1.1.jar;C:\Users\isabe\.m2\repository\org\yaml\snakeyaml\2.3\snakeyaml-2.3.jar;C:\Users\isabe\.m2\repository\org\springframework\boot\spring-boot-starter-json\3.4.3\spring-boot-starter-json-3.4.3.jar;C:\Users\isabe\.m2\repository\com\fasterxml\jackson\datatype\jackson-datatype-jdk8\2.18.2\jackson-datatype-jdk8-2.18.2.jar;C:\Users\isabe\.m2\repository\com\fasterxml\jackson\datatype\jackson-datatype-jsr310\2.18.2\jackson-datatype-jsr310-2.18.2.jar;C:\Users\isabe\.m2\repository\com\fasterxml\jackson\module\jackson-module-parameter-names\2.18.2\jackson-module-parameter-names-2.18.2.jar;C:\Users\isabe\.m2\repository\org\springframework\boot\spring-boot-starter-tomcat\3.4.3\spring-boot-starter-tomcat-3.4.3.jar;C:\Users\isabe\.m2\repository\org\apache\tomcat\embed\tomcat-embed-core\10.1.36\tomcat-embed-core-10.1.36.jar;C:\Users\isabe\.m2\repository\org\apache\tomcat\embed\tomcat-embed-websocket\10.1.36\tomcat-embed-websocket-10.1.36.jar;C:\Users\isabe\.m2\repository\org\springframework\spring-web\6.2.3\spring-web-6.2.3.jar;C:\Users\isabe\.m2\repository\org\springframework\spring-beans\6.2.3\spring-beans-6.2.3.jar;C:\Users\isabe\.m2\repository\io\micrometer\micrometer-observation\1.14.4\micrometer-observation-1.14.4.jar;C:\Users\isabe\.m2\repository\io\micrometer\micrometer-commons\1.14.4\micrometer-commons-1.14.4.jar;C:\Users\isabe\.m2\repository\org\springframework\spring-webmvc\6.2.3\spring-webmvc-6.2.3.jar;C:\Users\isabe\.m2\repository\org\springframework\spring-context\6.2.3\spring-context-6.2.3.jar;C:\Users\isabe\.m2\repository\org\springframework\spring-expression\6.2.3\spring-expression-6.2.3.jar;C:\Users\isabe\.m2\repository\org\springframework\boot\spring-boot-starter-data-jpa\3.4.3\spring-boot-starter-data-jpa-3.4.3.jar;C:\Users\isabe\.m2\repository\org\springframework\boot\spring-boot-starter-jdbc\3.4.3\spring-boot-starter-jdbc-3.4.3.jar;C:\Users\isabe\.m2\repository\com\zaxxer\HikariCP\5.1.0\HikariCP-5.1.0.jar;C:\Users\isabe\.m2\repository\org\springframework\spring-jdbc\6.2.3\spring-jdbc-6.2.3.jar;C:\Users\isabe\.m2\repository\org\hibernate\orm\hibernate-core\6.6.8.Final\hibernate-core-6.6.8.Final.jar;C:\Users\isabe\.m2\repository\jakarta\persistence\jakarta.persistence-api\3.1.0\jakarta.persistence-api-3.1.0.jar;C:\Users\isabe\.m2\repository\jakarta\transaction\jakarta.transaction-api\2.0.1\jakarta.transaction-api-2.0.1.jar;C:\Users\isabe\.m2\repository\org\jboss\logging\jboss-logging\3.6.1.Final\jboss-logging-3.6.1.Final.jar;C:\Users\isabe\.m2\repository\org\hibernate\common\hibernate-commons-annotations\7.0.3.Final\hibernate-commons-annotations-7.0.3.Final.jar;C:\Users\isabe\.m2\repository\io\smallrye\jandex\3.2.0\jandex-3.2.0.jar;C:\Users\isabe\.m2\repository\com\fasterxml\classmate\1.7.0\classmate-1.7.0.jar;C:\Users\isabe\.m2\repository\net\bytebuddy\byte-buddy\1.15.11\byte-buddy-1.15.11.jar;C:\Users\isabe\.m2\repository\org\glassfish\jaxb\jaxb-runtime\4.0.5\jaxb-runtime-4.0.5.jar;C:\Users\isabe\.m2\repository\org\glassfish\jaxb\jaxb-core\4.0.5\jaxb-core-4.0.5.jar;C:\Users\isabe\.m2\repository\org\eclipse\angus\angus-activation\2.0.2\angus-activation-2.0.2.jar;C:\Users\isabe\.m2\repository\org\glassfish\jaxb\txw2\4.0.5\txw2-4.0.5.jar;C:\Users\isabe\.m2\repository\com\sun\istack\istack-commons-runtime\4.1.2\istack-commons-runtime-4.1.2.jar;C:\Users\isabe\.m2\repository\jakarta\inject\jakarta.inject-api\2.0.1\jakarta.inject-api-2.0.1.jar;C:\Users\isabe\.m2\repository\org\antlr\antlr4-runtime\4.13.0\antlr4-runtime-4.13.0.jar;C:\Users\isabe\.m2\repository\org\springframework\data\spring-data-jpa\3.4.3\spring-data-jpa-3.4.3.jar;C:\Users\isabe\.m2\repository\org\springframework\data\spring-data-commons\3.4.3\spring-data-commons-3.4.3.jar;C:\Users\isabe\.m2\repository\org\springframework\spring-orm\6.2.3\spring-orm-6.2.3.jar;C:\Users\isabe\.m2\repository\org\springframework\spring-tx\6.2.3\spring-tx-6.2.3.jar;C:\Users\isabe\.m2\repository\org\slf4j\slf4j-api\2.0.16\slf4j-api-2.0.16.jar;C:\Users\isabe\.m2\repository\org\springframework\spring-aspects\6.2.3\spring-aspects-6.2.3.jar;C:\Users\isabe\.m2\repository\org\aspectj\aspectjweaver\1.9.22.1\aspectjweaver-1.9.22.1.jar;C:\Users\isabe\.m2\repository\org\springframework\boot\spring-boot-starter-security\3.4.3\spring-boot-starter-security-3.4.3.jar;C:\Users\isabe\.m2\repository\org\springframework\spring-aop\6.2.3\spring-aop-6.2.3.jar;C:\Users\isabe\.m2\repository\org\springframework\security\spring-security-config\6.4.3\spring-security-config-6.4.3.jar;C:\Users\isabe\.m2\repository\org\springframework\security\spring-security-core\6.4.3\spring-security-core-6.4.3.jar;C:\Users\isabe\.m2\repository\org\springframework\security\spring-security-crypto\6.4.3\spring-security-crypto-6.4.3.jar;C:\Users\isabe\.m2\repository\org\springframework\security\spring-security-web\6.4.3\spring-security-web-6.4.3.jar;C:\Users\isabe\.m2\repository\com\h2database\h2\2.3.232\h2-2.3.232.jar;C:\Users\isabe\.m2\repository\com\mysql\mysql-connector-j\8.4.0\mysql-connector-j-8.4.0.jar;C:\Users\isabe\.m2\repository\org\springdoc\springdoc-openapi-starter-webmvc-ui\2.7.0\springdoc-openapi-starter-webmvc-ui-2.7.0.jar;C:\Users\isabe\.m2\repository\org\springdoc\springdoc-openapi-starter-webmvc-api\2.7.0\springdoc-openapi-starter-webmvc-api-2.7.0.jar;C:\Users\isabe\.m2\repository\org\springdoc\springdoc-openapi-starter-common\2.7.0\springdoc-openapi-starter-common-2.7.0.jar;C:\Users\isabe\.m2\repository\io\swagger\core\v3\swagger-core-jakarta\2.2.25\swagger-core-jakarta-2.2.25.jar;C:\Users\isabe\.m2\repository\org\apache\commons\commons-lang3\3.17.0\commons-lang3-3.17.0.jar;C:\Users\isabe\.m2\repository\io\swagger\core\v3\swagger-annotations-jakarta\2.2.25\swagger-annotations-jakarta-2.2.25.jar;C:\Users\isabe\.m2\repository\io\swagger\core\v3\swagger-models-jakarta\2.2.25\swagger-models-jakarta-2.2.25.jar;C:\Users\isabe\.m2\repository\com\fasterxml\jackson\dataformat\jackson-dataformat-yaml\2.18.2\jackson-dataformat-yaml-2.18.2.jar;C:\Users\isabe\.m2\repository\org\webjars\swagger-ui\5.18.2\swagger-ui-5.18.2.jar;C:\Users\isabe\.m2\repository\org\webjars\webjars-locator-lite\1.0.1\webjars-locator-lite-1.0.1.jar;C:\Users\isabe\.m2\repository\org\jspecify\jspecify\1.0.0\jspecify-1.0.0.jar;C:\Users\isabe\.m2\repository\io\jsonwebtoken\jjwt-api\0.11.5\jjwt-api-0.11.5.jar;C:\Users\isabe\.m2\repository\io\jsonwebtoken\jjwt-impl\0.11.5\jjwt-impl-0.11.5.jar;C:\Users\isabe\.m2\repository\io\jsonwebtoken\jjwt-jackson\0.11.5\jjwt-jackson-0.11.5.jar;C:\Users\isabe\.m2\repository\com\fasterxml\jackson\core\jackson-databind\2.18.2\jackson-databind-2.18.2.jar;C:\Users\isabe\.m2\repository\com\fasterxml\jackson\core\jackson-annotations\2.18.2\jackson-annotations-2.18.2.jar;C:\Users\isabe\.m2\repository\com\fasterxml\jackson\core\jackson-core\2.18.2\jackson-core-2.18.2.jar;C:\Users\isabe\.m2\repository\software\amazon\awssdk\s3\2.20.26\s3-2.20.26.jar;C:\Users\isabe\.m2\repository\software\amazon\awssdk\aws-xml-protocol\2.20.26\aws-xml-protocol-2.20.26.jar;C:\Users\isabe\.m2\repository\software\amazon\awssdk\aws-query-protocol\2.20.26\aws-query-protocol-2.20.26.jar;C:\Users\isabe\.m2\repository\software\amazon\awssdk\protocol-core\2.20.26\protocol-core-2.20.26.jar;C:\Users\isabe\.m2\repository\software\amazon\awssdk\arns\2.20.26\arns-2.20.26.jar;C:\Users\isabe\.m2\repository\software\amazon\awssdk\profiles\2.20.26\profiles-2.20.26.jar;C:\Users\isabe\.m2\repository\software\amazon\awssdk\sdk-core\2.20.26\sdk-core-2.20.26.jar;C:\Users\isabe\.m2\repository\org\reactivestreams\reactive-streams\1.0.4\reactive-streams-1.0.4.jar;C:\Users\isabe\.m2\repository\software\amazon\awssdk\auth\2.20.26\auth-2.20.26.jar;C:\Users\isabe\.m2\repository\software\amazon\eventstream\eventstream\1.0.1\eventstream-1.0.1.jar;C:\Users\isabe\.m2\repository\software\amazon\awssdk\http-client-spi\2.20.26\http-client-spi-2.20.26.jar;C:\Users\isabe\.m2\repository\software\amazon\awssdk\regions\2.20.26\regions-2.20.26.jar;C:\Users\isabe\.m2\repository\software\amazon\awssdk\annotations\2.20.26\annotations-2.20.26.jar;C:\Users\isabe\.m2\repository\software\amazon\awssdk\utils\2.20.26\utils-2.20.26.jar;C:\Users\isabe\.m2\repository\software\amazon\awssdk\aws-core\2.20.26\aws-core-2.20.26.jar;C:\Users\isabe\.m2\repository\software\amazon\awssdk\metrics-spi\2.20.26\metrics-spi-2.20.26.jar;C:\Users\isabe\.m2\repository\software\amazon\awssdk\json-utils\2.20.26\json-utils-2.20.26.jar;C:\Users\isabe\.m2\repository\software\amazon\awssdk\third-party-jackson-core\2.20.26\third-party-jackson-core-2.20.26.jar;C:\Users\isabe\.m2\repository\software\amazon\awssdk\endpoints-spi\2.20.26\endpoints-spi-2.20.26.jar;C:\Users\isabe\.m2\repository\software\amazon\awssdk\apache-client\2.20.26\apache-client-2.20.26.jar;C:\Users\isabe\.m2\repository\org\apache\httpcomponents\httpclient\4.5.13\httpclient-4.5.13.jar;C:\Users\isabe\.m2\repository\commons-logging\commons-logging\1.2\commons-logging-1.2.jar;C:\Users\isabe\.m2\repository\org\apache\httpcomponents\httpcore\4.4.16\httpcore-4.4.16.jar;C:\Users\isabe\.m2\repository\commons-codec\commons-codec\1.17.2\commons-codec-1.17.2.jar;C:\Users\isabe\.m2\repository\software\amazon\awssdk\netty-nio-client\2.20.26\netty-nio-client-2.20.26.jar;C:\Users\isabe\.m2\repository\io\netty\netty-codec-http\4.1.118.Final\netty-codec-http-4.1.118.Final.jar;C:\Users\isabe\.m2\repository\io\netty\netty-codec-http2\4.1.118.Final\netty-codec-http2-4.1.118.Final.jar;C:\Users\isabe\.m2\repository\io\netty\netty-codec\4.1.118.Final\netty-codec-4.1.118.Final.jar;C:\Users\isabe\.m2\repository\io\netty\netty-transport\4.1.118.Final\netty-transport-4.1.118.Final.jar;C:\Users\isabe\.m2\repository\io\netty\netty-resolver\4.1.118.Final\netty-resolver-4.1.118.Final.jar;C:\Users\isabe\.m2\repository\io\netty\netty-common\4.1.118.Final\netty-common-4.1.118.Final.jar;C:\Users\isabe\.m2\repository\io\netty\netty-buffer\4.1.118.Final\netty-buffer-4.1.118.Final.jar;C:\Users\isabe\.m2\repository\io\netty\netty-handler\4.1.118.Final\netty-handler-4.1.118.Final.jar;C:\Users\isabe\.m2\repository\io\netty\netty-transport-native-unix-common\4.1.118.Final\netty-transport-native-unix-common-4.1.118.Final.jar;C:\Users\isabe\.m2\repository\io\netty\netty-transport-classes-epoll\4.1.118.Final\netty-transport-classes-epoll-4.1.118.Final.jar;C:\Users\isabe\.m2\repository\org\springframework\boot\spring-boot-starter-amqp\3.4.3\spring-boot-starter-amqp-3.4.3.jar;C:\Users\isabe\.m2\repository\org\springframework\spring-messaging\6.2.3\spring-messaging-6.2.3.jar;C:\Users\isabe\.m2\repository\org\springframework\amqp\spring-rabbit\3.2.3\spring-rabbit-3.2.3.jar;C:\Users\isabe\.m2\repository\org\springframework\amqp\spring-amqp\3.2.3\spring-amqp-3.2.3.jar;C:\Users\isabe\.m2\repository\org\springframework\retry\spring-retry\2.0.11\spring-retry-2.0.11.jar;C:\Users\isabe\.m2\repository\com\rabbitmq\amqp-client\5.22.0\amqp-client-5.22.0.jar;C:\Users\isabe\.m2\repository\jakarta\xml\bind\jakarta.xml.bind-api\4.0.2\jakarta.xml.bind-api-4.0.2.jar;C:\Users\isabe\.m2\repository\jakarta\activation\jakarta.activation-api\2.1.3\jakarta.activation-api-2.1.3.jar;C:\Users\isabe\.m2\repository\org\springframework\spring-core\6.2.3\spring-core-6.2.3.jar;C:\Users\isabe\.m2\repository\org\springframework\spring-jcl\6.2.3\spring-jcl-6.2.3.jar;C:\Users\isabe\.m2\repository\org\springframework\boot\spring-boot-starter-validation\3.4.3\spring-boot-starter-validation-3.4.3.jar;C:\Users\isabe\.m2\repository\org\apache\tomcat\embed\tomcat-embed-el\10.1.36\tomcat-embed-el-10.1.36.jar;C:\Users\isabe\.m2\repository\org\hibernate\validator\hibernate-validator\8.0.2.Final\hibernate-validator-8.0.2.Final.jar;C:\Users\isabe\.m2\repository\jakarta\validation\jakarta.validation-api\3.0.2\jakarta.validation-api-3.0.2.jar
Launcher Type: SUN_STANDARD

[Global flags]
     intx CICompilerCount                          = 4                                         {product} {ergonomic}
     uint ConcGCThreads                            = 3                                         {product} {ergonomic}
     uint G1ConcRefinementThreads                  = 10                                        {product} {ergonomic}
   size_t G1HeapRegionSize                         = 1048576                                   {product} {ergonomic}
   size_t InitialHeapSize                          = 130023424                                 {product} {ergonomic}
   size_t MarkStackSize                            = 4194304                                   {product} {ergonomic}
   size_t MarkStackSizeMax                         = 536870912                                 {product} {ergonomic}
   size_t MaxHeapSize                              = 2065694720                                {product} {ergonomic}
   size_t MaxNewSize                               = 1239416832                                {product} {ergonomic}
   size_t MinHeapDeltaBytes                        = 1048576                                   {product} {ergonomic}
   size_t MinHeapSize                              = 8388608                                   {product} {ergonomic}
    uintx NonNMethodCodeHeapSize                   = 5832704                                {pd product} {ergonomic}
    uintx NonProfiledCodeHeapSize                  = 122945536                              {pd product} {ergonomic}
    uintx ProfiledCodeHeapSize                     = 122880000                              {pd product} {ergonomic}
    uintx ReservedCodeCacheSize                    = 251658240                              {pd product} {ergonomic}
     bool SegmentedCodeCache                       = true                                      {product} {ergonomic}
   size_t SoftMaxHeapSize                          = 2065694720                             {manageable} {ergonomic}
     bool UseCompressedOops                        = true                           {product lp64_product} {ergonomic}
     bool UseG1GC                                  = true                                      {product} {ergonomic}
     bool UseLargePagesIndividualAllocation        = false                                  {pd product} {ergonomic}

Logging:
Log output configuration:
 #0: stdout all=warning uptime,level,tags foldmultilines=false
 #1: stderr all=off uptime,level,tags foldmultilines=false

Environment Variables:
JAVA_HOME=C:\Program Files\Java\jdk-23
PATH=C:\Program Files\Common Files\Oracle\Java\javapath;C:\Program Files (x86)\Common Files\Oracle\Java\java8path;C:\Program Files (x86)\Common Files\Oracle\Java\javapath;C:\WINDOWS\system32;C:\WINDOWS;C:\WINDOWS\System32\Wbem;C:\WINDOWS\System32\WindowsPowerShell\v1.0\;C:\WINDOWS\System32\OpenSSH\;C:\Program Files\dotnet\;C:\Program Files\Git\cmd;C:\Program Files\Amazon\AWSCLIV2\;C:\Program Files\Java\jdk-23\bin;C:\Users\isabe\AppData\Roaming\nvm;C:\Program Files\nodejs;C:\Program Files\nodejs\;C:\Program Files\Graphviz\bin;C:\Program Files\terraform_1.13.0_windows_386;C:\Program Files\Docker\Docker\resources\bin;C:\Program Files\PowerShell\7\;C:\Users\isabe\AppData\Local\Microsoft\WindowsApps;C:\Users\isabe\Documents\Microsoft VS Code\bin;C:\Users\isabe\AppData\Local\GitHubDesktop\bin;C:\Users\isabe\AppData\Local\JetBrains\Toolbox\scripts;C:\Users\isabe\AppData\Local\Microsoft\WindowsApps;C:\Users\isabe\AppData\Roaming\nvm;C:\Program Files\nodejs;C:\Users\isabe\AppData\Roaming\npm;C:\maven\apache-maven-3.9.6\bin
USERNAME=Isabela Goulart
OS=Windows_NT
PROCESSOR_IDENTIFIER=Intel64 Family 6 Model 154 Stepping 4, GenuineIntel
TMP=C:\Users\isabe\AppData\Local\Temp
TEMP=C:\Users\isabe\AppData\Local\Temp




Periodic native trim disabled

---------------  S Y S T E M  ---------------

OS:
 Windows 11 , 64 bit Build 26100 (10.0.26100.7019)
OS uptime: 4 days 13:42 hours
Hyper-V role detected

CPU: total 12 (initial active 12) (6 cores per cpu, 2 threads per core) family 6 model 154 stepping 4 microcode 0x437, cx8, cmov, fxsr, ht, mmx, 3dnowpref, sse, sse2, sse3, ssse3, sse4.1, sse4.2, popcnt, lzcnt, tsc, tscinvbit, avx, avx2, aes, erms, clmul, bmi1, bmi2, adx, sha, fma, vzeroupper, clflush, clflushopt, clwb, hv, serialize, rdtscp, rdpid, fsrm, gfni, f16c, cet_ibt, cet_ss
Processor Information for the first 12 processors :
  Max Mhz: 1300, Current Mhz: 1300, Mhz Limit: 1300

Memory: 4k page, system-wide physical 7876M (672M free)
TotalPageFile size 32452M (AvailPageFile size 49M)
current process WorkingSet (physical memory assigned to process): 124M, peak: 124M
current process commit charge ("private bytes"): 257M, peak: 257M

vm_info: Java HotSpot(TM) 64-Bit Server VM (23+37-2369) for windows-amd64 JRE (23+37-2369), built on 2024-08-20T16:01:23Z with MS VC++ 17.6 (VS2022)

END.
